<?xml version="1.0" encoding="UTF-8"?>
<Site BuildName="(empty)"
	BuildStamp="20240229-1610-Experimental"
	Name="maker-ubuntu"
	Generator="ctest-3.16.3"
	CompilerName="/usr/bin/c++"
	CompilerVersion="9.4.0"
	OSName="Linux"
	Hostname="maker-ThinkPad-E14-Gen-2"
	OSRelease="5.15.0-97-generic"
	OSVersion="#107~20.04.1-Ubuntu SMP Fri Feb 9 14:20:11 UTC 2024"
	OSPlatform="x86_64"
	Is64Bits="1"
	VendorString="GenuineIntel"
	VendorID="Intel Corporation"
	FamilyID="6"
	ModelID="140"
	ProcessorCacheSize="12288"
	NumberOfLogicalCPU="8"
	NumberOfPhysicalCPU="4"
	TotalVirtualMemory="2047"
	TotalPhysicalMemory="15688"
	LogicalProcessorsPerPhysical="2"
	ProcessorClockFrequency="2800"
	>
	<Testing>
		<StartDateTime>Feb 29 18:03 -03</StartDateTime>
		<StartTestTime>1709240630</StartTestTime>
		<TestList/>
		<EndDateTime>Feb 29 18:03 -03</EndDateTime>
		<EndTestTime>1709240630</EndTestTime>
		<ElapsedMinutes>0</ElapsedMinutes>
	</Testing>
</Site>
